<?xml version="1.0" encoding="UTF-8"?>
<testng-results skipped="0" failed="0" ignored="0" total="1" passed="1">
  <reporter-output>
  </reporter-output>
  <suite name="Suite1" duration-ms="13483" started-at="2019-02-18T04:27:34Z" finished-at="2019-02-18T04:27:47Z">
    <groups>
    </groups>
    <test name="Test1" duration-ms="13483" started-at="2019-02-18T04:27:34Z" finished-at="2019-02-18T04:27:47Z">
      <class name="test.testNG_test2_GoogleSearch2">
        <test-method status="PASS" signature="setUpTest()[pri:0, instance:test.testNG_test2_GoogleSearch2@52af6cff]" name="setUpTest" is-config="true" duration-ms="8779" started-at="2019-02-18T04:27:34Z" finished-at="2019-02-18T04:27:43Z">
          <reporter-output>
          </reporter-output>
        </test-method> <!-- setUpTest -->
        <test-method status="PASS" signature="googleSearch()[pri:0, instance:test.testNG_test2_GoogleSearch2@52af6cff]" name="googleSearch" duration-ms="2772" started-at="2019-02-18T04:27:43Z" finished-at="2019-02-18T04:27:45Z">
          <reporter-output>
          </reporter-output>
        </test-method> <!-- googleSearch -->
        <test-method status="PASS" signature="tearDownTest()[pri:0, instance:test.testNG_test2_GoogleSearch2@52af6cff]" name="tearDownTest" is-config="true" duration-ms="1863" started-at="2019-02-18T04:27:45Z" finished-at="2019-02-18T04:27:47Z">
          <reporter-output>
          </reporter-output>
        </test-method> <!-- tearDownTest -->
      </class> <!-- test.testNG_test2_GoogleSearch2 -->
    </test> <!-- Test1 -->
  </suite> <!-- Suite1 -->
</testng-results>
