<?xml version="1.0" encoding="UTF-8"?>
<testng-results skipped="0" failed="0" ignored="0" total="1" passed="1">
  <reporter-output>
  </reporter-output>
  <suite name="Default suite" duration-ms="8422" started-at="2019-03-22T02:06:29Z" finished-at="2019-03-22T02:06:37Z">
    <groups>
    </groups>
    <test name="Default test" duration-ms="8422" started-at="2019-03-22T02:06:29Z" finished-at="2019-03-22T02:06:37Z">
      <class name="test.testNG_test2_GoogleSearch2">
        <test-method status="PASS" signature="setUpTest()[pri:0, instance:test.testNG_test2_GoogleSearch2@4a87761d]" name="setUpTest" is-config="true" duration-ms="5818" started-at="2019-03-22T02:06:29Z" finished-at="2019-03-22T02:06:35Z">
          <reporter-output>
          </reporter-output>
        </test-method> <!-- setUpTest -->
        <test-method status="PASS" signature="googleSearch()[pri:0, instance:test.testNG_test2_GoogleSearch2@4a87761d]" name="googleSearch" duration-ms="1635" started-at="2019-03-22T02:06:35Z" finished-at="2019-03-22T02:06:37Z">
          <reporter-output>
          </reporter-output>
        </test-method> <!-- googleSearch -->
        <test-method status="PASS" signature="tearDownTest()[pri:0, instance:test.testNG_test2_GoogleSearch2@4a87761d]" name="tearDownTest" is-config="true" duration-ms="941" started-at="2019-03-22T02:06:37Z" finished-at="2019-03-22T02:06:37Z">
          <reporter-output>
          </reporter-output>
        </test-method> <!-- tearDownTest -->
      </class> <!-- test.testNG_test2_GoogleSearch2 -->
    </test> <!-- Default test -->
  </suite> <!-- Default suite -->
</testng-results>
